PU-27
#4800

  7.9 C >> H [4800]: 9e 60 1e fe
  8.8 C >> H [4800]: 9e 60 1e fe
  9.7 C >> H [4800]: 9e 60 1e fe
 10.6 C >> H [4800]: 9e 60 1e fe
 11.5 C >> H [4800]: 9e 60 1e fe
 12.4 C >> H [4800]: 9e 60 1e fe
 
 13.4 C >> H [4800]: 98 e6 1e 80 00 00 e0 60 66 9e fe f8
 14.3 C >> H [4800]: 98 e6 1e 80 00 00 e0 60 66 9e fe f8
 15.2 C >> H [4800]: 98 e6 1e 80 00 00 e0 60 66 9e fe f8
 16.1 C >> H [4800]: 98 e6 1e 80 00 00 e0 60 66 9e fe f8
 17.0 C >> H [4800]: 98 e6 1e 80 00 00 e0 60 66 9e fe f8
 18.0 C >> H [4800]: 98 e6 1e 80 00 00 e0 60 66 9e fe f8
 18.9 C >> H [4800]: 98 e6 1e 80 00 00 e0 60 66 9e fe f8
 19.8 C >> H [4800]: 98 e6 1e 80 00 00 e0 60 66 9e fe f8
 20.7 C >> H [4800]: 98 e6 1e 80 00 00 e0 60 66 9e fe f8
 21.6 C >> H [4800]: 98 e6 1e 80 00 00 e0 60 66 9e fe f8
 22.5 C >> H [4800]: 98 e6 1e 80 00 00 e0 60 66 9e fe f8
 23.4 C >> H [4800]: 98 e6 1e 80 00 00 e0 60 66 9e fe f8
 24.4 C >> H [4800]: 98 e6 1e 80 00 00 e0 60 66 9e fe f8
 25.3 C >> H [4800]: 98 e6 1e 80 00 00 e0 60 66 9e fe f8
 26.2 C >> H [4800]: 98 e6 1e 80 00 00 e0 60 66 9e fe f8
 
 28.1 C >> H [4800]: 80 78 1e f8 00 00 00 80 00 00 78 1e 00 f8
 29.0 C >> H [4800]: 80 78 1e f8 00 00 00 80 00 00 78 1e 00 f8
 29.9 C >> H [4800]: 80 78 1e f8 00 00 00 80 00 00 78 1e 00 f8
 30.8 C >> H [4800]: 80 78 1e f8 00 00 00 80 00 00 78 1e 00 f8
 31.7 C >> H [4800]: 80 78 1e f8 00 00 00 80 00 00 78 1e 00 f8
 32.6 C >> H [4800]: 80 78 1e f8 00 00 00 80 00 00 78 1e 00 f8
 33.6 C >> H [4800]: 80 78 1e f8 00 00 00 80 00 00 78 1e 00 f8
 34.5 C >> H [4800]: 80 78 1e f8 00 00 00 80 00 00 78 1e 00 f8
 35.4 C >> H [4800]: 80 78 1e f8 00 00 00 80 00 00 78 1e 00 f8
 36.3 C >> H [4800]: 80 78 1e f8 00 00 00 80 00 00 78 1e 00 f8
 37.2 C >> H [4800]: 80 78 1e f8 00 00 00 80 00 00 78 1e 00 f8
 38.1 C >> H [4800]: 80 78 1e f8 00 00 00 80 00 00 78 1e 00 f8
 39.1 C >> H [4800]: 80 78 1e f8 00 00 00 80 00 00 78 1e 00 f8
 40.0 C >> H [4800]: 80 78 1e f8 00 00 00 80 00 00 78 1e 00 f8
 40.9 C >> H [4800]: 80 78 1e f8 00 00 00 80 00 00 78 1e 00 f8
 
 42.7 C >> H [4800]: 98 e6 1e 80 00 00 60 80 fe 78 fe f8
 43.6 C >> H [4800]: 98 e6 1e 80 00 00 60 80 fe 78 fe f8
 44.5 C >> H [4800]: 98 e6 1e 80 00 00 60 80 fe 78 fe f8
 45.5 C >> H [4800]: 98 e6 1e 80 00 00 60 80 fe 78 fe f8
 46.3 C >> H [4800]: 98 e6 1e 80 00 00 60 80 fe 78 fe f8
 47.3 C >> H [4800]: 98 e6 1e 80 00 00 60 80 fe 78 fe f8
 48.2 C >> H [4800]: 98 e6 1e 80 00 00 60 80 fe 78 fe f8
 49.1 C >> H [4800]: 98 e6 1e 80 00 00 60 80 fe 78 fe f8
 50.0 C >> H [4800]: 98 e6 1e 80 00 00 60 80 fe 78 fe f8
 50.9 C >> H [4800]: 98 e6 1e 80 00 00 60 80 fe 78 fe f8
 51.8 C >> H [4800]: 98 e6 1e 80 00 00 60 80 fe 78 fe f8
 52.8 C >> H [4800]: 98 e6 1e 80 00 00 60 80 fe 78 fe f8
 53.7 C >> H [4800]: 98 e6 1e 80 00 00 60 80 fe 78 fe f8
 54.6 C >> H [4800]: 98 e6 1e 80 00 00 60 80 fe 78 fe f8
 55.5 C >> H [4800]: 98 e6 1e 80 00 00 60 80 fe 78 fe f8
 
 57.3 C >> H [4800]: 18 08 79 ff
 58.2 C >> H [4800]: 18 08 79 fd
 59.1 C >> H [4800]: 18 08 79 ff
 60.1 C >> H [4800]: 18 08 79 ff
 61.0 C >> H [4800]: 18 08 79 ff
 61.9 C >> H [4800]: 18 08 79 ff
 62.8 C >> H [4800]: 18 08 79 ff
 63.7 C >> H [4800]: 18 08 79 ff
 64.6 C >> H [4800]: 18 08 79 ff
 65.6 C >> H [4800]: 18 08 79 ff
 66.5 C >> H [4800]: 18 08 79 ff
 67.4 C >> H [4800]: 18 08 79 ff
 68.3 C >> H [4800]: 18 08 79 ff
 69.2 C >> H [4800]: 18 08 79 ff
 70.1 C >> H [4800]: 18 08 79 ff