PU-27
#2400

  7.8 C >> H [2400]: 1b 1b
  8.7 C >> H [2400]: 1b 1b
  9.6 C >> H [2400]: 1b 1b
 10.5 C >> H [2400]: 1b 1b
 11.5 C >> H [2400]: 1b 1b
 12.4 C >> H [2400]: 1b 1b
 
 13.3 C >> H [2400]: aa 03 00 00 1c 95 3d
 14.2 C >> H [2400]: aa 03 00 00 1c 95 3d
 15.1 C >> H [2400]: aa 03 00 00 1c 95 3d
 16.1 C >> H [2400]: aa 03 00 00 1c 95 3d
 17.0 C >> H [2400]: aa 03 00 00 1c 95 3d
 17.9 C >> H [2400]: aa 03 00 00 1c 95 3d
 18.8 C >> H [2400]: aa 03 00 00 1c 95 3d
 19.7 C >> H [2400]: aa 03 00 00 1c 95 3d
 20.6 C >> H [2400]: aa 03 00 00 1c 95 3d
 21.6 C >> H [2400]: aa 03 00 00 1c 95 3d
 22.5 C >> H [2400]: aa 03 00 00 1c 95 3d
 23.4 C >> H [2400]: aa 03 00 00 1c 95 3d
 24.3 C >> H [2400]: aa 03 00 00 1c 95 3d
 25.2 C >> H [2400]: aa 03 00 00 1c 95 3d
 26.1 C >> H [2400]: aa 03 00 00 1c 95 3d
 
 28.0 C >> H [2400]: 98 e6 1e 80 00 00 f8 60 98 66 f8 fe
 28.9 C >> H [2400]: 98 e6 1e 80 00 00 f8 60 98 66 f8 fe
 29.8 C >> H [2400]: 98 e6 1e 80 00 00 f8 60 98 66 f8 fe
 30.7 C >> H [2400]: 98 e6 1e 80 00 00 f8 60 98 66 f8 fe
 31.7 C >> H [2400]: 98 e6 1e 80 00 00 f8 60 98 66 f8 fe
 32.6 C >> H [2400]: 98 e6 1e 80 00 00 f8 60 98 66 f8 fe
 33.5 C >> H [2400]: 98 e6 1e 80 00 00 f8 60 98 66 f8 fe
 34.5 C >> H [2400]: 98 e6 1e 80 00 00 f8 60 98 66 f8 fe
 35.3 C >> H [2400]: 98 e6 1e 80 00 00 f8 60 98 66 f8 fe
 36.2 C >> H [2400]: 98 e6 1e 80 00 00 f8 60 98 66 f8 fe
 37.2 C >> H [2400]: 98 e6 1e 80 00 00 f8 60 98 66 f8 fe
 38.1 C >> H [2400]: 98 e6 1e 80 00 00 f8 60 98 66 f8 fe
 39.0 C >> H [2400]: 98 e6 1e 80 00 00 f8 60 98 66 f8 fe
 39.9 C >> H [2400]: 98 e6 1e 80 00 00 f8 60 98 66 f8 fe
 40.8 C >> H [2400]: 98 e6 1e 80 00 00 f8 60 98 66 f8 fe
 
 42.6 C >> H [2400]: aa 03 00 00 04 9f 3d
 43.5 C >> H [2400]: aa 03 00 00 04 9f 3d
 44.4 C >> H [2400]: aa 03 00 00 04 9f 3d
 45.4 C >> H [2400]: aa 03 00 00 04 9f 3d
 46.3 C >> H [2400]: aa 03 00 00 04 9f 3d
 47.2 C >> H [2400]: aa 03 00 00 04 9f 3d
 48.1 C >> H [2400]: aa 03 00 00 04 9f 3d
 49.0 C >> H [2400]: aa 03 00 00 04 9f 3d
 49.9 C >> H [2400]: aa 03 00 00 04 9f 3d
 50.9 C >> H [2400]: aa 03 00 00 04 9f 3d
 51.8 C >> H [2400]: aa 03 00 00 04 9f 3d
 52.7 C >> H [2400]: aa 03 00 00 04 9f 3d
 53.6 C >> H [2400]: aa 03 00 00 04 9f 3d
 54.5 C >> H [2400]: aa 03 00 00 04 9f 3d
 55.4 C >> H [2400]: aa 03 00 00 04 9f 3d
 
 57.2 C >> H [2400]: 61
 58.2 C >> H [2400]: 61
 59.1 C >> H [2400]: 61
 60.0 C >> H [2400]: 61
 60.9 C >> H [2400]: 61
 61.8 C >> H [2400]: 61
 62.7 C >> H [2400]: 61
 63.7 C >> H [2400]: 61
 64.6 C >> H [2400]: 61
 65.5 C >> H [2400]: 61
 66.4 C >> H [2400]: 61
 67.3 C >> H [2400]: 61
 68.2 C >> H [2400]: 61
 69.1 C >> H [2400]: 61
 70.1 C >> H [2400]: 61