PU-27

# 0.9s delay between each message

C >> H [2400]: 1b 1b
C >> H [2400]: 1b 1b
C >> H [2400]: 1b 1b
C >> H [2400]: 1b 1b
C >> H [2400]: 1b 1b
C >> H [2400]: 1b 1b

C >> H [2400]:  aa 03 00 00 1c 95 3d
C >> H [2400]:  aa 03 00 00 1c 95 3d
C >> H [2400]:  aa 03 00 00 1c 95 3d
C >> H [2400]:  aa 03 00 00 1c 95 3d
C >> H [2400]:  aa 03 00 00 1c 95 3d
C >> H [2400]:  aa 03 00 00 1c 95 3d
C >> H [2400]:  aa 03 00 00 1c 95 3d
C >> H [2400]:  aa 03 00 00 1c 95 3d
C >> H [2400]:  aa 03 00 00 1c 95 3d
C >> H [2400]:  aa 03 00 00 1c 95 3d
C >> H [2400]:  aa 03 00 00 1c 95 3d
C >> H [2400]:  aa 03 00 00 1c 95 3d
C >> H [2400]:  aa 03 00 00 1c 95 3d
C >> H [2400]:  aa 03 00 00 1c 95 3d
C >> H [2400]:  aa 03 00 00 1c 95 3d

C >> H [1200]:  aa 03 00 00 1e 54 bc
C >> H [1200]:  aa 03 00 00 1e 54 bc
C >> H [1200]:  aa 03 00 00 1e 54 bc
C >> H [1200]:  aa 03 00 00 1e 54 bc
C >> H [1200]:  aa 03 00 00 1e 54 bc
C >> H [1200]:  aa 03 00 00 1e 54 bc
C >> H [1200]:  aa 03 00 00 1e 54 bc
C >> H [1200]:  aa 03 00 00 1e 54 bc
C >> H [1200]:  aa 03 00 00 1e 54 bc
C >> H [1200]:  aa 03 00 00 1e 54 bc
C >> H [1200]:  aa 03 00 00 1e 54 bc
C >> H [1200]:  aa 03 00 00 1e 54 bc
C >> H [1200]:  aa 03 00 00 1e 54 bc
C >> H [1200]:  aa 03 00 00 1e 54 bc
C >> H [1200]:  aa 03 00 00 1e 54 bc

C >> H [2400]:  aa 03 00 00 04 9f 3d
C >> H [2400]:  aa 03 00 00 04 9f 3d
C >> H [2400]:  aa 03 00 00 04 9f 3d
C >> H [2400]:  aa 03 00 00 04 9f 3d
C >> H [2400]:  aa 03 00 00 04 9f 3d
C >> H [2400]:  aa 03 00 00 04 9f 3d
C >> H [2400]:  aa 03 00 00 04 9f 3d
C >> H [2400]:  aa 03 00 00 04 9f 3d
C >> H [2400]:  aa 03 00 00 04 9f 3d
C >> H [2400]:  aa 03 00 00 04 9f 3d
C >> H [2400]:  aa 03 00 00 04 9f 3d
C >> H [2400]:  aa 03 00 00 04 9f 3d
C >> H [2400]:  aa 03 00 00 04 9f 3d
C >> H [2400]:  aa 03 00 00 04 9f 3d
C >> H [2400]:  aa 03 00 00 04 9f 3d

C >> H [9600]:  aa 03 00 00 04 9f 3d
C >> H [9600]:  aa 03 00 00 04 9f 3d
C >> H [9600]:  aa 03 00 00 04 9f 3d
C >> H [9600]:  aa 03 00 00 04 9f 3d
C >> H [9600]:  aa 03 00 00 04 9f 3d
C >> H [9600]:  aa 03 00 00 04 9f 3d
C >> H [9600]:  aa 03 00 00 04 9f 3d
C >> H [9600]:  aa 03 00 00 04 9f 3d
C >> H [9600]:  aa 03 00 00 04 9f 3d
C >> H [9600]:  aa 03 00 00 04 9f 3d
C >> H [9600]:  aa 03 00 00 04 9f 3d
C >> H [9600]:  aa 03 00 00 04 9f 3d
C >> H [9600]:  aa 03 00 00 04 9f 3d
C >> H [9600]:  aa 03 00 00 04 9f 3d
C >> H [9600]:  aa 03 00 00 04 9f 3d