PU-27
#1200

  8.1 C >> H [1200]: eb
  9.0 C >> H [1200]: eb
  9.9 C >> H [1200]: eb
 10.8 C >> H [1200]: eb
 11.7 C >> H [1200]: eb
 12.6 C >> H [1200]: eb
 
 13.6 C >> H [1200]: 18 08 7b ff
 14.5 C >> H [1200]: 18 08 7b ff
 15.4 C >> H [1200]: 18 08 7b ff
 16.3 C >> H [1200]: 18 08 7b ff
 17.2 C >> H [1200]: 18 08 7b ff
 18.1 C >> H [1200]: 18 08 7b ff
 19.1 C >> H [1200]: 18 08 7b ff
 20.0 C >> H [1200]: 18 08 7b ff
 20.9 C >> H [1200]: 18 08 7b ff
 21.8 C >> H [1200]: 18 08 7b ff
 22.7 C >> H [1200]: 18 08 7b ff
 23.7 C >> H [1200]: 18 08 7b ff
 24.6 C >> H [1200]: 18 08 7b ff
 25.5 C >> H [1200]: 18 08 7b ff
 26.4 C >> H [1200]: 18 08 7b ff
 
 28.2 C >> H [1200]: aa 03 00 00 1e 54 bc
 29.2 C >> H [1200]: aa 03 00 00 1e 54 bc
 30.1 C >> H [1200]: aa 03 00 00 1e 54 bc
 31.0 C >> H [1200]: aa 03 00 00 1e 54 bc
 31.9 C >> H [1200]: aa 03 00 00 1e 54 bc
 32.8 C >> H [1200]: aa 03 00 00 1e 54 bc
 33.7 C >> H [1200]: aa 03 00 00 1e 54 bc
 34.7 C >> H [1200]: aa 03 00 00 1e 54 bc
 35.6 C >> H [1200]: aa 03 00 00 1e 54 bc
 36.5 C >> H [1200]: aa 03 00 00 1e 54 bc
 37.4 C >> H [1200]: aa 03 00 00 1e 54 bc
 38.3 C >> H [1200]: aa 03 00 00 1e 54 bc
 39.2 C >> H [1200]: aa 03 00 00 1e 54 bc
 40.2 C >> H [1200]: aa 03 00 00 1e 54 bc
 41.1 C >> H [1200]: aa 03 00 00 1e 54 bc
 
 42.9 C >> H [1200]: 18 08 79 ff
 43.8 C >> H [1200]: 18 08 79 ff
 44.7 C >> H [1200]: 18 08 79 ff
 45.7 C >> H [1200]: 18 08 79 ff
 46.5 C >> H [1200]: 18 08 79 ff
 47.5 C >> H [1200]: 18 08 79 ff
 48.4 C >> H [1200]: 18 08 79 ff
 49.3 C >> H [1200]: 18 08 79 ff
 50.2 C >> H [1200]: 18 08 79 ff
 51.1 C >> H [1200]: 18 08 79 ff
 52.0 C >> H [1200]: 18 08 79 ff
 53.0 C >> H [1200]: 18 08 79 ff
 53.9 C >> H [1200]: 18 08 79 ff
 54.8 C >> H [1200]: 18 08 79 ff
 55.7 C >> H [1200]: 18 08 79 ff
 
 57.5 C >> H [1200]: e8
 58.4 C >> H [1200]: e8
 59.3 C >> H [1200]: e8
 60.3 C >> H [1200]: f0
 61.2 C >> H [1200]: e8
 62.1 C >> H [1200]: e8
 63.0 C >> H [1200]: f0
 63.9 C >> H [1200]: e8
 64.8 C >> H [1200]: e8
 65.7 C >> H [1200]: c0
 66.7 C >> H [1200]: f8
 67.6 C >> H [1200]: c0
 68.5 C >> H [1200]: e8
 69.4 C >> H [1200]: f0
 70.3 C >> H [1200]: f0