PU-27
#9600

  7.1 C >> H [9600]: f8 f8 00 f8 f8 00
  8.0 C >> H [9600]: f8 f8 00 f8 f8 00
  8.9 C >> H [9600]: f8 f8 00 f8 f8 00
  9.8 C >> H [9600]: f8 f8 00 f8 f8 00
 10.7 C >> H [9600]: f8 f8 00 f8 f8 00
 11.6 C >> H [9600]: f8 f8 00 f8 f8 00
 
 12.6 C >> H [9600]: 80 78 1e f8 00 00 00 00 00 78 1e 80 78 fe 80
 13.5 C >> H [9600]: 80 78 1e f8 00 00 00 00 00 78 1e 80 78 fe 80
 14.4 C >> H [9600]: 80 78 1e f8 00 00 00 00 00 78 1e 80 78 fe 80
 15.3 C >> H [9600]: 80 78 1e f8 00 00 00 00 00 78 1e 80 78 fe 80
 16.2 C >> H [9600]: 80 78 1e f8 00 00 00 00 00 78 1e 80 78 fe 80
 17.1 C >> H [9600]: 80 78 1e f8 00 00 00 00 00 78 1e 80 78 fe 80
 18.1 C >> H [9600]: 80 78 1e f8 00 00 00 00 00 78 1e 80 78 fe 80
 19.0 C >> H [9600]: 80 78 1e f8 00 00 00 00 00 78 1e 80 78 fe 80
 19.9 C >> H [9600]: 80 78 1e f8 00 00 00 00 00 78 1e 80 78 fe 80
 20.8 C >> H [9600]: 80 78 1e f8 00 00 00 00 00 78 1e 80 78 fe 80
 21.7 C >> H [9600]: 80 78 1e f8 00 00 00 00 00 78 1e 80 78 fe 80
 22.7 C >> H [9600]: 80 78 1e f8 00 00 00 00 00 78 1e 80 78 fe 80
 23.6 C >> H [9600]: 80 78 1e f8 00 00 00 00 00 78 1e 80 78 fe 80
 24.5 C >> H [9600]: 80 78 1e f8 00 00 00 00 00 78 1e 80 78 fe 80
 25.4 C >> H [9600]: 80 78 1e f8 00 00 00 00 00 78 1e 80 78 fe 80
 
 27.2 C >> H [9600]: 00 80 80 80 80 00 00 00 00 00 00 80 80 80 00 80
 28.2 C >> H [9600]: 00 80 80 80 80 00 00 00 00 00 00 80 80 80 00 80
 29.1 C >> H [9600]: 00 80 80 80 80 00 00 00 00 00 00 80 80 80 00 80
 30.0 C >> H [9600]: 00 80 80 80 80 00 00 00 00 00 00 80 80 80 00 80
 30.9 C >> H [9600]: 00 80 80 80 80 00 00 00 00 00 00 80 80 80 00 80
 31.8 C >> H [9600]: 00 80 80 80 80 00 00 00 00 00 00 80 80 80 00 80
 32.7 C >> H [9600]: 00 80 80 80 80 00 00 00 00 00 00 80 80 80 00 80
 33.7 C >> H [9600]: 00 80 80 80 80 00 00 00 00 00 00 80 80 80 00 80
 34.6 C >> H [9600]: 00 80 80 80 80 00 00 00 00 00 00 80 80 80 00 80
 35.5 C >> H [9600]: 00 80 80 80 80 00 00 00 00 00 00 80 80 80 00 80
 36.4 C >> H [9600]: 00 80 80 80 80 00 00 00 00 00 00 80 80 80 00 80
 37.3 C >> H [9600]: 00 80 80 80 80 00 00 00 00 00 00 80 80 80 00 80
 38.2 C >> H [9600]: 00 80 80 80 80 00 00 00 00 00 00 80 80 80 00 80
 39.1 C >> H [9600]: 00 80 80 80 80 00 00 00 00 00 00 80 80 80 00 80
 40.1 C >> H [9600]: 00 80 80 80 80 00 00 00 00 00 00 80 80 80 00 80
 
 41.9 C >> H [9600]: 80 78 1e f8 00 00 00 00 00 f8 80 78 fe 80
 42.8 C >> H [9600]: 80 78 1e f8 00 00 00 00 00 f8 80 78 fe 80
 43.7 C >> H [9600]: 80 78 1e f8 00 00 00 00 00 f8 80 78 fe 80
 44.7 C >> H [9600]: 80 78 1e f8 00 00 00 00 00 f8 80 78 fe 80
 45.5 C >> H [9600]: 80 78 1e f8 00 00 00 00 00 f8 80 78 fe 80
 46.4 C >> H [9600]: 80 78 1e f8 00 00 00 00 00 f8 80 78 fe 80
 47.4 C >> H [9600]: 80 78 1e f8 00 00 00 00 00 f8 80 78 fe 80
 48.3 C >> H [9600]: 80 78 1e f8 00 00 00 00 00 f8 80 78 fe 80
 49.2 C >> H [9600]: 80 78 1e f8 00 00 00 00 00 f8 80 78 fe 80
 50.1 C >> H [9600]: 80 78 1e f8 00 00 00 00 00 f8 80 78 fe 80
 51.0 C >> H [9600]: 80 78 1e f8 00 00 00 00 00 f8 80 78 fe 80
 51.9 C >> H [9600]: 80 78 1e f8 00 00 00 00 00 f8 80 78 fe 80
 52.9 C >> H [9600]: 80 78 1e f8 00 00 00 00 00 f8 80 78 fe 80
 53.8 C >> H [9600]: 80 78 1e f8 00 00 00 00 00 f8 80 78 fe 80
 54.7 C >> H [9600]: 80 78 1e f8 00 00 00 00 00 f8 80 78 fe 80
 
 56.5 C >> H [9600]: aa 03 00 00 04 9f 3d
 57.4 C >> H [9600]: aa 03 00 00 04 9f 3d
 58.3 C >> H [9600]: aa 03 00 00 04 9f 3d
 59.2 C >> H [9600]: aa 03 00 00 04 9f 3d
 60.2 C >> H [9600]: aa 03 00 00 04 9f 3d
 61.1 C >> H [9600]: aa 03 00 00 04 9f 3d
 62.0 C >> H [9600]: aa 03 00 00 04 9f 3d
 62.9 C >> H [9600]: aa 03 00 00 04 9f 3d
 63.8 C >> H [9600]: aa 03 00 00 04 9f 3d
 64.7 C >> H [9600]: aa 03 00 00 04 9f 3d
 65.7 C >> H [9600]: aa 03 00 00 04 9f 3d
 66.6 C >> H [9600]: aa 03 00 00 04 9f 3d
 67.5 C >> H [9600]: aa 03 00 00 04 9f 3d
 68.4 C >> H [9600]: aa 03 00 00 04 9f 3d
 69.3 C >> H [9600]: aa 03 00 00 04 9f 3d